All blog posts:
- Thu Jul 21 2011 02:37:10 GMT+0200 (Central European Summer Time) - 2011-07-21-soy-mackerel - Soy Mackerel
- Sun Sep 11 2016 22:53:33 GMT+0200 (Central European Summer Time) - 2016-09-11-fried-rice-eggs-chistorra - Chistorra, Sinangag at Sunny Side Up Eggs
- Mon Aug 29 2016 21:08:36 GMT+0200 (Central European Summer Time) - 2016-08-29-turon-kutsinta - Turon, Kutsinta, atbp.
- Sun Aug 21 2016 22:59:33 GMT+0200 (Central European Summer Time) - 2016-08-21-kesong-kambing-talong-pickle-alamang-hilabos - Kesong Kambing, Talong Pickle at Alamang
- Fri Jun 26 2015 02:00:00 GMT+0200 (Central European Summer Time) - 2015-06-26-churros-chocolate - Churros & Chocolate
- Tue May 09 2017 08:57:25 GMT+0200 (Central European Summer Time) - 2018-08-21-restaurante-pho-26 - Restaurante Pho 26
- Thu Aug 17 2017 02:04:10 GMT+0200 (Central European Summer Time) - 2017-01-04-la-bahia-restaurant - La Bahía
- Thu Oct 20 2016 22:17:48 GMT+0200 (Central European Summer Time) - 2016-10-20-paksiw-bangus-upo-ginisa-vino-madrid - Paksiw na Bangus, Ginisang Upo at Vino de Madrid
- Sat Aug 05 2017 01:03:54 GMT+0200 (Central European Summer Time) - 2017-08-05-laing-mushroom-tomato -  Laing ni Popeye
- Sun Sep 02 2018 02:00:00 GMT+0200 (Central European Summer Time) - 2018-09-02-agahang-kastila-pincho-de-tortilla-churros-at-tostada-de-tomate - Agahang Kastila: Pincho de Tortilla, Churros at Tostada de Tomate
- Wed Sep 05 2018 01:28:44 GMT+0200 (Central European Summer Time) - 2018-09-05-burger-steak - Burger Steak
- Sun Sep 16 2018 23:59:46 GMT+0200 (Central European Summer Time) - 2018-09-16-torta-hotdog -  Tortang Hotdog
- Thu Sep 06 2018 23:59:46 GMT+0200 (Central European Summer Time) - 2018-09-06-ulampinoy-adobo -  Ulampinoy Adobo
- Tue Sep 18 2018 08:36:04 GMT+0200 (Central European Summer Time) - 2018-09-18-ginisang-upo -  Ginisang Upo
- Thu Sep 20 2018 00:32:02 GMT+0200 (Central European Summer Time) - 2018-09-20-monggolian-beef-lumpia -  Lumpiang Toge, Monggolian Beef at Leche Flan
- Sat Oct 06 2018 00:31:01 GMT+0200 (Central European Summer Time) - 2018-10-06-ubod-buod - Ubod Buod — Edisyon Isa
- Sun Sep 30 2018 19:16:03 GMT+0200 (Central European Summer Time) - 2018-09-30-bopis -  Bopis
- Mon Oct 29 2018 22:40:01 GMT+0100 (Central European Standard Time) - 2018-10-29-crock-pot-lechon-manok -  🍗 Lechon Manok ala Crock-Pot
- Mon Nov 05 2018 23:05:01 GMT+0100 (Central European Standard Time) - 2018-11-06-lugaw-tripa -  Lugaw Espesyal 🍲
- Tue Mar 26 2019 01:00:00 GMT+0100 (Central European Standard Time) - 2019-03-26-pancit-guisado-gyoza -  Pancit Guisado Espesyal at Gyoza 🥢
- Tue Mar 26 2019 01:00:00 GMT+0100 (Central European Standard Time) - 2019-03-30-inihaw-dorada-chorizo-criollo -  Weekend Ulam — Inihaw na Dorada at Chorizo Criollo
- Tue Apr 30 2019 02:00:00 GMT+0200 (Central European Summer Time) - 2019-04-30-tupperlicious-is-back - Tupperlicious 2.0
- Fri May 17 2019 02:00:00 GMT+0200 (Central European Summer Time) - 2019-05-17-ulampinoy-merch -  Ulampinoy Merch
- Fri May 17 2019 02:00:00 GMT+0200 (Central European Summer Time) - 2019-09-09-lumpia-bagnet -  Lumpiang Gulay at Bagnet
- Sat Jan 04 2020 01:00:00 GMT+0100 (Central European Standard Time) - 2020-01-04-ulampinoy-experiments-itlog-maalat -  Itlog na Maalat — Attempt 02
- Mon Mar 16 2020 01:00:00 GMT+0100 (Central European Standard Time) - 2020-03-16-ulam-weekly-01 -  Ulam sa Hapag 01
- Thu Jan 30 2020 01:00:00 GMT+0100 (Central European Standard Time) - 2020-01-30-glossary-kabute -  Glossary - Kabute
- Fri May 29 2020 02:00:00 GMT+0200 (Central European Summer Time) - 2020-03-16-ulam-weekly-02 -  Ulam sa Hapag 02
- Tue Mar 21 2023 01:00:00 GMT+0100 (Central European Standard Time) - 2023-03-21-ulampinoy-2023 -  Ulam Pinoy 2023
- Fri Mar 24 2023 01:00:00 GMT+0100 (Central European Standard Time) - 2023-03-24-how-to-cook-pork-adobo -  Filipino Pork Adobo
- Mon Mar 27 2023 02:00:00 GMT+0200 (Central European Summer Time) - 2023-03-27-how-to-cook-rice -  Cooking Rice the Filipino Way
- Sat Apr 01 2023 02:00:00 GMT+0200 (Central European Summer Time) - 2023-04-01-how-to-cook-pork-menudo - Pork Menudo
- Fri Mar 31 2023 02:00:00 GMT+0200 (Central European Summer Time) - 2023-03-31-how-to-cook-pinakbet -  Pinakbet Iloko
- Tue Apr 04 2023 02:00:00 GMT+0200 (Central European Summer Time) - 2023-04-04-beef-tapa - Beef Tapa
- Mon Apr 03 2023 02:00:00 GMT+0200 (Central European Summer Time) - 2023-04-03-ode-to-kare-kare -  Ode to Kare-kare
- Mon Apr 10 2023 13:30:10 GMT+0200 (Central European Summer Time) - 2023-04-10-pancit-guisado-special - Pancit Guisado Espesyal
- Sun Apr 09 2023 02:00:00 GMT+0200 (Central European Summer Time) - 2023-04-09-lumpia-shanghai - Lumpia Shanghai
- Mon Apr 10 2023 02:40:10 GMT+0200 (Central European Summer Time) - 2023-04-10-squid-adobo -  Squid Adobo
- Tue Apr 11 2023 02:00:00 GMT+0200 (Central European Summer Time) - 2023-04-10-tinola-tulya - Tinolang Tulya
- Tue Apr 11 2023 02:00:00 GMT+0200 (Central European Summer Time) - 2023-04-11-chicken-adobo-potato - Chicken Adobo
- Fri Feb 09 2024 01:00:00 GMT+0100 (Central European Standard Time) - 2024-02-09-top-5-filipino-chicken-dishes - Top 5 Filipino Chicken Dishes
- Thu Jan 25 2024 01:00:00 GMT+0100 (Central European Standard Time) - 2024-01-25-fish-sinigang - Fish Sinigang
- Tue Apr 11 2023 02:00:00 GMT+0200 (Central European Summer Time) - 2023-04-18-pepito-ternera - A Must-Try Sandwich in Madrid
- Fri Dec 27 2013 01:04:44 GMT+0100 (Central European Standard Time) - beef-caldereta - Beef Caldereta
- Wed Nov 28 2012 01:00:00 GMT+0100 (Central European Standard Time) - beef-mechado - Beef Mechado
- Tue Jan 23 2024 01:00:00 GMT+0100 (Central European Standard Time) - 2024-01-23-pinakbet-prito-alimango - Folksy Pinakbet Recipe
- Fri Sep 02 2011 02:00:00 GMT+0200 (Central European Summer Time) - beef-mushroom-broccoli - Beef Mushroom Broccoli
- Tue May 15 2012 02:00:00 GMT+0200 (Central European Summer Time) - bopis - Bopis
- Sun Oct 09 2011 02:00:00 GMT+0200 (Central European Summer Time) - beef-nilaga - Beef Nilaga
- Sat Nov 30 2013 01:04:44 GMT+0100 (Central European Standard Time) - chicken-afritada - Chicken Afritada
- Wed Jun 20 2012 02:00:00 GMT+0200 (Central European Summer Time) - chicharon-bituka - Chicharon Bituka
- Fri Apr 03 2020 02:00:00 GMT+0200 (Central European Summer Time) - chicken-roast-crockpot - Lechon Manok
- Fri Nov 08 2013 01:00:00 GMT+0100 (Central European Standard Time) - chicken-sopas - Chicken Sopas
- Thu Dec 19 2019 01:00:00 GMT+0100 (Central European Standard Time) - chicken-mushrooms-blue-cheese-sauce - Chicken Mushrooms in Blue Cheese Sauce
- Wed Nov 28 2012 01:00:00 GMT+0100 (Central European Standard Time) - chicken-sotanghon - Chicken Sotanghon
- Fri Jun 06 2025 02:00:00 GMT+0200 (Central European Summer Time) - crispy-pata - Crispy Pata
- Mon Mar 27 2023 02:00:00 GMT+0200 (Central European Summer Time) - pork-giniling-green-beans - Pork Giniling with Green Beans
- Sun Jun 08 2025 02:00:00 GMT+0200 (Central European Summer Time) - talaba-adventure-alaminos - Oyster Discovery: Alaminos
- Mon Jun 23 2025 02:00:00 GMT+0200 (Central European Summer Time) - tinola_rizal_noli_analysis - Ginger, Gizzard, and Grace: Unpacking Rizal’s Tinola Scene

All sorted items:
- 2025-06-23 - blog - tinola_rizal_noli_analysis - Ginger, Gizzard, and Grace: Unpacking Rizal’s Tinola Scene
- 2025-06-10 - glossary - saluyot - Saluyot
- 2025-06-08 - blog - talaba-adventure-alaminos - Oyster Discovery: Alaminos
- 2025-06-08 - glossary - 2024-06-08-calamansi - Calamansi
- 2025-06-07 - glossary - 2024-06-08-sinigang - Sinigang
- 2025-06-07 - glossary - 2024-06-08-kamias - Kamias
- 2025-06-07 - glossary - 2024-06-08-bagoong - Bagoong
- 2025-06-07 - glossary - 2024-06-08-dilis - Dilis
- 2025-06-07 - glossary - galapong - Galapong
- 2025-06-06 - blog - crispy-pata - Crispy Pata
- 2025-06-04 - glossary - banana-blossom - Banana Blossom
- 2025-06-02 - glossary - gata - Gata
- 2025-06-02 - glossary - sampaloc - Sampaloc
- 2025-06-01 - glossary - kaldero - Kaldero
- 2025-05-11 - glossary - adobo - Adobo
- 2025-05-10 - glossary - alamang - Alamang
- 2025-05-07 - glossary - bawang - Bawang
- 2025-05-06 - glossary - bistek - Bistek
- 2025-05-05 - glossary - bopis - Bopis
- 2025-05-04 - glossary - ihaw - Ihaw
- 2025-05-03 - glossary - kabute - Kabute
- 2025-05-02 - glossary - kangkong - Kangkong
- 2025-05-01 - glossary - kanin - Kanin
- 2025-04-01 - glossary - paksiw - Paksiw
- 2024-02-09 - blog - 2024-02-09-top-5-filipino-chicken-dishes - Top 5 Filipino Chicken Dishes
- 2024-01-25 - blog - 2024-01-25-fish-sinigang - Fish Sinigang
- 2024-01-23 - blog - 2024-01-23-pinakbet-prito-alimango - Folksy Pinakbet Recipe
- 2023-04-11 - blog - 2023-04-10-tinola-tulya - Tinolang Tulya
- 2023-04-11 - blog - 2023-04-11-chicken-adobo-potato - Chicken Adobo
- 2023-04-11 - blog - 2023-04-18-pepito-ternera - A Must-Try Sandwich in Madrid
- 2023-04-10 - blog - 2023-04-10-pancit-guisado-special - Pancit Guisado Espesyal
- 2023-04-10 - blog - 2023-04-10-squid-adobo -  Squid Adobo
- 2023-04-09 - blog - 2023-04-09-lumpia-shanghai - Lumpia Shanghai
- 2023-04-04 - blog - 2023-04-04-beef-tapa - Beef Tapa
- 2023-04-03 - blog - 2023-04-03-ode-to-kare-kare -  Ode to Kare-kare
- 2023-04-01 - blog - 2023-04-01-how-to-cook-pork-menudo - Pork Menudo
- 2023-03-31 - blog - 2023-03-31-how-to-cook-pinakbet -  Pinakbet Iloko
- 2023-03-27 - blog - 2023-03-27-how-to-cook-rice -  Cooking Rice the Filipino Way
- 2023-03-27 - blog - pork-giniling-green-beans - Pork Giniling with Green Beans
- 2023-03-24 - blog - 2023-03-24-how-to-cook-pork-adobo -  Filipino Pork Adobo
- 2023-03-21 - blog - 2023-03-21-ulampinoy-2023 -  Ulam Pinoy 2023
- 2020-05-29 - blog - 2020-03-16-ulam-weekly-02 -  Ulam sa Hapag 02
- 2020-04-03 - blog - chicken-roast-crockpot - Lechon Manok
- 2020-03-16 - blog - 2020-03-16-ulam-weekly-01 -  Ulam sa Hapag 01
- 2020-01-30 - blog - 2020-01-30-glossary-kabute -  Glossary - Kabute
- 2020-01-04 - blog - 2020-01-04-ulampinoy-experiments-itlog-maalat -  Itlog na Maalat — Attempt 02
- 2019-12-19 - blog - chicken-mushrooms-blue-cheese-sauce - Chicken Mushrooms in Blue Cheese Sauce
- 2019-05-17 - blog - 2019-05-17-ulampinoy-merch -  Ulampinoy Merch
- 2019-05-17 - blog - 2019-09-09-lumpia-bagnet -  Lumpiang Gulay at Bagnet
- 2019-04-30 - blog - 2019-04-30-tupperlicious-is-back - Tupperlicious 2.0
- 2019-03-26 - blog - 2019-03-26-pancit-guisado-gyoza -  Pancit Guisado Espesyal at Gyoza 🥢
- 2019-03-26 - blog - 2019-03-30-inihaw-dorada-chorizo-criollo -  Weekend Ulam — Inihaw na Dorada at Chorizo Criollo
- 2018-11-05 - blog - 2018-11-06-lugaw-tripa -  Lugaw Espesyal 🍲
- 2018-10-29 - blog - 2018-10-29-crock-pot-lechon-manok -  🍗 Lechon Manok ala Crock-Pot
- 2018-10-05 - blog - 2018-10-06-ubod-buod - Ubod Buod — Edisyon Isa
- 2018-09-30 - blog - 2018-09-30-bopis -  Bopis
- 2018-09-19 - blog - 2018-09-20-monggolian-beef-lumpia -  Lumpiang Toge, Monggolian Beef at Leche Flan
- 2018-09-18 - blog - 2018-09-18-ginisang-upo -  Ginisang Upo
- 2018-09-16 - blog - 2018-09-16-torta-hotdog -  Tortang Hotdog
- 2018-09-06 - blog - 2018-09-06-ulampinoy-adobo -  Ulampinoy Adobo
- 2018-09-04 - blog - 2018-09-05-burger-steak - Burger Steak
- 2018-09-02 - blog - 2018-09-02-agahang-kastila-pincho-de-tortilla-churros-at-tostada-de-tomate - Agahang Kastila: Pincho de Tortilla, Churros at Tostada de Tomate
- 2017-08-17 - blog - 2017-01-04-la-bahia-restaurant - La Bahía
- 2017-08-04 - blog - 2017-08-05-laing-mushroom-tomato -  Laing ni Popeye
- 2017-05-09 - blog - 2018-08-21-restaurante-pho-26 - Restaurante Pho 26
- 2016-10-20 - blog - 2016-10-20-paksiw-bangus-upo-ginisa-vino-madrid - Paksiw na Bangus, Ginisang Upo at Vino de Madrid
- 2016-09-11 - blog - 2016-09-11-fried-rice-eggs-chistorra - Chistorra, Sinangag at Sunny Side Up Eggs
- 2016-08-29 - blog - 2016-08-29-turon-kutsinta - Turon, Kutsinta, atbp.
- 2016-08-21 - blog - 2016-08-21-kesong-kambing-talong-pickle-alamang-hilabos - Kesong Kambing, Talong Pickle at Alamang
- 2015-06-26 - blog - 2015-06-26-churros-chocolate - Churros & Chocolate
- 2013-12-27 - blog - beef-caldereta - Beef Caldereta
- 2013-11-30 - blog - chicken-afritada - Chicken Afritada
- 2013-11-08 - blog - chicken-sopas - Chicken Sopas
- 2012-11-28 - blog - beef-mechado - Beef Mechado
- 2012-11-28 - blog - chicken-sotanghon - Chicken Sotanghon
- 2012-06-20 - blog - chicharon-bituka - Chicharon Bituka
- 2012-05-15 - blog - bopis - Bopis
- 2011-10-09 - blog - beef-nilaga - Beef Nilaga
- 2011-09-02 - blog - beef-mushroom-broccoli - Beef Mushroom Broccoli
- 2011-07-21 - blog - 2011-07-21-soy-mackerel - Soy Mackerel